[2015-11-25 20:45:57] START
[2015-12-04 17:15:36] EDIT HW5Sub1/views/default/index.html: 0
[2015-12-04 17:16:31] EDIT HW5Sub1/views/default/index.html: 0
[2015-12-07 15:37:53] EDIT HW5Sub1/controllers/default.py: 0
[2015-12-07 15:58:09] EDIT HW5Sub1/models/tables.py: -6
[2015-12-07 16:02:39] EDIT HW5Sub1/models/tables.py: 6
[2015-12-07 16:03:49] EDIT HW5Sub1/controllers/default.py: 9
[2015-12-07 16:04:21] CREATE default/blah.html: 0
[2015-12-07 16:04:43] EDIT HW5Sub1/views/default/blah.html: 161
[2015-12-07 16:04:50] EDIT HW5Sub1/controllers/default.py: 0
[2015-12-07 16:05:18] EDIT HW5Sub1/views/default/index.html: -91
[2015-12-07 16:05:50] EDIT HW5Sub1/models/tables.py: 10
[2015-12-07 16:06:11] EDIT HW5Sub1/views/default/index.html: 0
[2015-12-07 16:11:11] EDIT HW5Sub1/views/default/blah.html: 0
[2015-12-07 16:11:30] EDIT HW5Sub1/views/default/board.html: 0
[2015-12-07 16:12:20] EDIT HW5Sub1/static/css/myapp.css: -25
[2015-12-07 16:13:19] EDIT HW5Sub1/views/default/blah.html: 0
[2015-12-07 16:13:34] EDIT HW5Sub1/views/default/blah.html: -5
[2015-12-07 16:13:42] EDIT HW5Sub1/views/default/blah.html: 0
[2015-12-07 16:16:45] EDIT HW5Sub1/views/default/blah.html: -1
[2015-12-07 16:17:20] EDIT HW5Sub1/views/default/board.html: -1
[2015-12-07 16:17:32] EDIT HW5Sub1/views/default/board.html: 0
[2015-12-07 16:17:38] EDIT HW5Sub1/views/default/board.html: -1
[2015-12-07 16:18:08] EDIT HW5Sub1/views/default/board.html: 2
[2015-12-07 16:18:19] EDIT HW5Sub1/views/default/board.html: 0
[2015-12-07 16:18:31] EDIT HW5Sub1/views/default/board.html: 0
[2015-12-07 16:19:50] EDIT HW5Sub1/views/default/board.html: 0
[2015-12-07 16:34:26] EDIT HW5Sub1/views/default/board.html: 0
[2015-12-07 16:35:16] EDIT HW5Sub1/models/tables.py: 49
[2015-12-07 16:36:25] EDIT HW5Sub1/models/tables.py: 0
[2015-12-07 16:37:05] EDIT HW5Sub1/controllers/default.py: 20
[2015-12-07 16:37:24] EDIT HW5Sub1/controllers/default.py: 10
[2015-12-07 16:37:41] CREATE default/newprofile.html: 0
[2015-12-07 16:38:03] EDIT HW5Sub1/views/default/newprofile.html: 1
[2015-12-07 16:38:44] CREATE default/about.html: 0
[2015-12-07 16:39:00] EDIT HW5Sub1/views/default/about.html: 7
[2015-12-07 16:39:34] CREATE default/review.html: 0
[2015-12-07 16:39:47] EDIT HW5Sub1/views/default/review.html: 0
[2015-12-07 16:40:10] CREATE default/chat.html: 0
[2015-12-07 16:40:16] EDIT HW5Sub1/views/default/chat.html: 2
[2015-12-07 16:43:07] CREATE default/home.html: 0
[2015-12-07 16:46:44] EDIT HW5Sub1/views/default/home.html: 4
[2015-12-07 16:47:26] EDIT HW5Sub1/models/tables.py: -10
[2015-12-07 17:09:12] EDIT cmps183/models/tables.py: 7
[2015-12-07 17:22:52] EDIT cmps183/controllers/default.py: 0
[2015-12-07 17:39:08] EDIT cmps183/views/default/review.html: 1
[2015-12-07 17:39:39] EDIT cmps183/models/tables.py: -1
[2015-12-07 17:39:55] EDIT cmps183/models/tables.py: -1
[2015-12-07 17:46:41] EDIT cmps183/models/tables.py: 5
[2015-12-07 17:52:44] EDIT cmps183/models/tables.py: -5
[2015-12-07 17:53:45] EDIT cmps183/controllers/default.py: -1
[2015-12-07 18:01:43] EDIT cmps183/controllers/default.py: 0
[2015-12-07 18:04:47] CREATE default/view.html: 0
[2015-12-07 18:06:15] EDIT cmps183/views/default/view.html: 110
[2015-12-07 18:06:33] EDIT cmps183/views/default/view.html: 0
[2015-12-07 18:07:31] EDIT cmps183/views/default/view.html: -21
[2015-12-07 18:08:04] EDIT cmps183/views/default/newprofile.html: 1
[2015-12-07 18:08:18] EDIT cmps183/views/default/view.html: 0
[2015-12-07 18:09:04] EDIT cmps183/controllers/default.py: 8
[2015-12-07 18:10:03] EDIT cmps183/views/default/view.html: 0
[2015-12-07 18:10:43] EDIT cmps183/views/default/view.html: 0
[2015-12-07 18:11:18] EDIT cmps183/views/default/view.html: -5
[2015-12-07 18:11:44] EDIT cmps183/views/default/view.html: -8
[2015-12-07 18:12:06] EDIT cmps183/views/default/view.html: -2
[2015-12-07 18:12:16] EDIT cmps183/views/default/view.html: 1
[2015-12-07 18:12:40] EDIT cmps183/views/default/view.html: -2
[2015-12-07 18:13:02] EDIT cmps183/views/default/view.html: 0
[2015-12-07 18:13:38] EDIT cmps183/views/default/newprofile.html: 1
[2015-12-07 18:13:48] EDIT cmps183/views/default/newprofile.html: 0
[2015-12-07 18:14:19] EDIT cmps183/views/default/view.html: -2
[2015-12-07 18:14:27] EDIT cmps183/views/default/view.html: 0
[2015-12-07 18:14:36] EDIT cmps183/views/default/view.html: 0
[2015-12-07 18:14:43] EDIT cmps183/views/default/view.html: 0
[2015-12-07 18:14:51] EDIT cmps183/views/default/view.html: 0
[2015-12-07 18:15:02] EDIT cmps183/views/default/view.html: 0
[2015-12-07 18:15:30] EDIT cmps183/views/default/view.html: 0
[2015-12-07 18:16:27] EDIT cmps183/controllers/default.py: 2
[2015-12-07 18:16:34] CREATE default/profile.html: 0
[2015-12-07 18:16:56] EDIT cmps183/views/default/newprofile.html: 0
[2015-12-07 18:17:29] EDIT cmps183/views/default/profile.html: 3
[2015-12-07 18:19:08] EDIT cmps183/views/default/profile.html: 0
[2015-12-07 18:19:19] EDIT cmps183/controllers/default.py: 0
[2015-12-07 18:19:55] EDIT cmps183/controllers/default.py: 0
[2015-12-07 18:21:56] EDIT cmps183/controllers/default.py: 0
[2015-12-07 18:22:44] EDIT cmps183/controllers/default.py: 8
[2015-12-07 18:23:32] EDIT cmps183/controllers/default.py: -1
[2015-12-07 18:23:55] EDIT cmps183/controllers/default.py: -7
[2015-12-07 18:24:03] EDIT cmps183/views/default/profile.html: 0
[2015-12-07 18:24:16] EDIT cmps183/views/default/profile.html: 0
[2015-12-07 18:24:43] EDIT cmps183/views/default/newprofile.html: -1
[2015-12-07 18:24:53] EDIT cmps183/controllers/default.py: -2
[2015-12-07 18:25:52] EDIT cmps183/controllers/default.py: 0
[2015-12-07 18:31:28] EDIT cmps183/views/default/index.html: 1
[2015-12-07 18:32:01] EDIT cmps183/views/default/index.html: -1
[2015-12-07 23:28:37] CREATE plugin_rating_widget.py: 0
[2015-12-07 23:29:39] EDIT cmps183/controllers/plugin_rating_widget.py: 26
[2015-12-07 23:29:51] EDIT cmps183/controllers/plugin_rating_widget.py: 0
[2015-12-07 23:30:07] EDIT cmps183/controllers/plugin_rating_widget.py: 0
[2015-12-07 23:30:15] EDIT cmps183/controllers/plugin_rating_widget.py: 0
[2015-12-07 23:30:19] EDIT cmps183/controllers/plugin_rating_widget.py: 0
[2015-12-07 23:30:22] EDIT cmps183/controllers/plugin_rating_widget.py: 0
[2015-12-07 23:30:25] EDIT cmps183/controllers/plugin_rating_widget.py: 0
[2015-12-07 23:30:31] EDIT cmps183/controllers/plugin_rating_widget.py: 0
[2015-12-07 23:30:45] EDIT cmps183/controllers/plugin_rating_widget.py: 16
[2015-12-07 23:31:10] EDIT cmps183/controllers/plugin_rating_widget.py: -16
[2015-12-07 23:31:47] EDIT cmps183/controllers/plugin_rating_widget.py: 3
[2015-12-07 23:32:34] EDIT cmps183/controllers/default.py: 0
[2015-12-07 23:32:35] EDIT cmps183/controllers/plugin_rating_widget.py: -1
[2015-12-07 23:33:02] EDIT cmps183/controllers/plugin_rating_widget.py: -3
[2015-12-07 23:33:04] EDIT cmps183/controllers/plugin_rating_widget.py: 0
[2015-12-07 23:33:11] EDIT cmps183/controllers/plugin_rating_widget.py: 0
[2015-12-07 23:33:12] EDIT cmps183/controllers/plugin_rating_widget.py: 0
[2015-12-07 23:33:12] EDIT cmps183/controllers/plugin_rating_widget.py: 0
[2015-12-07 23:33:13] EDIT cmps183/controllers/plugin_rating_widget.py: 0
[2015-12-07 23:33:13] EDIT cmps183/controllers/plugin_rating_widget.py: 0
[2015-12-07 23:33:22] EDIT cmps183/controllers/plugin_rating_widget.py: 0
[2015-12-07 23:33:23] EDIT cmps183/controllers/plugin_rating_widget.py: 0
[2015-12-07 23:33:23] EDIT cmps183/controllers/plugin_rating_widget.py: 0
[2015-12-07 23:33:23] EDIT cmps183/controllers/plugin_rating_widget.py: 0
[2015-12-07 23:33:23] EDIT cmps183/controllers/plugin_rating_widget.py: 0
[2015-12-07 23:33:24] EDIT cmps183/controllers/plugin_rating_widget.py: 0
[2015-12-07 23:33:24] EDIT cmps183/controllers/plugin_rating_widget.py: 0
[2015-12-07 23:33:24] EDIT cmps183/controllers/plugin_rating_widget.py: 0
[2015-12-07 23:33:44] EDIT cmps183/controllers/plugin_rating_widget.py: 17
[2015-12-07 23:35:41] EDIT cmps183/models/tables.py: 0
[2015-12-07 23:36:04] EDIT cmps183/controllers/plugin_rating_widget.py: -17
[2015-12-07 23:36:36] EDIT cmps183/controllers/plugin_rating_widget.py: -1
[2015-12-07 23:36:48] EDIT cmps183/controllers/plugin_rating_widget.py: 0
[2015-12-07 23:36:55] EDIT cmps183/controllers/plugin_rating_widget.py: 0
[2015-12-07 23:37:04] EDIT cmps183/controllers/plugin_rating_widget.py: 0
[2015-12-07 23:37:31] EDIT cmps183/controllers/plugin_rating_widget.py: 0
[2015-12-07 23:37:37] EDIT cmps183/controllers/plugin_rating_widget.py: 0
[2015-12-07 23:38:05] CREATE plugin_rating_widget.py: 0
[2015-12-07 23:38:10] EDIT cmps183/modules/plugin_rating_widget.py: 41
[2015-12-07 23:38:48] EDIT cmps183/controllers/default.py: 0
[2015-12-07 23:38:58] EDIT cmps183/models/tables.py: 0
[2015-12-07 23:39:20] EDIT cmps183/controllers/default.py: 0
[2015-12-07 23:41:11] EDIT cmps183/controllers/plugin_rating_widget.py: 18
[2015-12-07 23:41:29] EDIT cmps183/controllers/plugin_rating_widget.py: 0
[2015-12-07 23:42:01] EDIT cmps183/models/tables.py: 5
[2015-12-07 23:43:05] EDIT cmps183/controllers/plugin_rating_widget.py: -7
[2015-12-07 23:44:24] EDIT cmps183/controllers/plugin_rating_widget.py: 0
[2015-12-07 23:44:53] EDIT cmps183/controllers/plugin_rating_widget.py: 0
[2015-12-07 23:45:55] EDIT cmps183/controllers/plugin_rating_widget.py: 0
[2015-12-07 23:46:03] EDIT cmps183/controllers/plugin_rating_widget.py: 0
[2015-12-07 23:46:23] EDIT cmps183/controllers/plugin_rating_widget.py: -3
[2015-12-07 23:47:03] EDIT cmps183/controllers/plugin_rating_widget.py: -2
[2015-12-07 23:47:22] EDIT cmps183/controllers/plugin_rating_widget.py: 5
[2015-12-07 23:58:21] EDIT cmps183/models/tables.py: 0
[2015-12-07 23:58:29] EDIT cmps183/controllers/plugin_rating_widget.py: 0
[2015-12-07 23:58:48] EDIT cmps183/controllers/plugin_rating_widget.py: 0
[2015-12-08 00:03:43] EDIT cmps183/controllers/plugin_rating_widget.py: 7
[2015-12-08 00:04:21] EDIT cmps183/models/tables.py: 17
[2015-12-08 00:05:12] EDIT cmps183/models/tables.py: -16
[2015-12-08 00:05:23] EDIT cmps183/controllers/plugin_rating_widget.py: -7
[2015-12-08 00:07:17] EDIT cmps183/models/tables.py: 2
[2015-12-08 00:10:11] EDIT cmps183/models/tables.py: -2
[2015-12-08 00:11:03] EDIT cmps183/views/default/blah.html: 0
[2015-12-08 00:11:15] EDIT cmps183/views/default/blah.html: 0
[2015-12-08 00:11:34] EDIT cmps183/views/default/blah.html: 0
[2015-12-08 00:12:18] EDIT cmps183/views/default/blah.html: 0
[2015-12-08 00:12:48] EDIT cmps183/views/default/blah.html: 0
[2015-12-08 00:13:34] EDIT cmps183/views/default/blah.html: 0
[2015-12-08 00:13:49] EDIT cmps183/views/default/index.html: 0
[2015-12-08 00:14:24] EDIT cmps183/views/default/index.html: 0
[2015-12-08 00:14:46] EDIT cmps183/views/default/index.html: 0
[2015-12-08 00:14:56] EDIT cmps183/views/default/blah.html: 0
[2015-12-08 00:15:40] EDIT cmps183/views/default/board.html: 0
[2015-12-08 00:16:06] EDIT cmps183/views/default/board.html: 1
[2015-12-08 00:16:44] EDIT cmps183/views/default/board.html: 0
[2015-12-08 00:17:00] EDIT cmps183/views/default/board.html: 0
[2015-12-08 00:17:36] EDIT cmps183/views/default/board.html: 0
[2015-12-08 00:17:58] EDIT cmps183/views/default/board.html: 0
[2015-12-08 00:18:17] EDIT cmps183/views/default/board.html: 0
[2015-12-08 00:18:35] EDIT cmps183/views/default/board.html: 0
[2015-12-08 00:18:51] EDIT cmps183/views/default/board.html: 0
[2015-12-08 00:19:41] EDIT cmps183/views/default/board.html: 0
[2015-12-08 00:20:43] EDIT cmps183/views/default/board.html: 0
[2015-12-08 00:21:06] EDIT cmps183/views/default/board.html: 0
[2015-12-08 00:25:39] EDIT cmps183/views/default/board.html: 0
[2015-12-08 01:05:15] CREATE default/modify.html: 0
[2015-12-08 01:05:29] EDIT cmps183/controllers/default.py: 3
[2015-12-08 01:07:17] EDIT cmps183/views/default/modify.html: 3
[2015-12-08 01:07:38] EDIT cmps183/views/default/newprofile.html: 1
[2015-12-08 01:08:43] EDIT cmps183/controllers/default.py: 13
[2015-12-08 01:11:12] EDIT cmps183/models/db.py: 8
[2015-12-08 01:12:10] EDIT cmps183/models/db.py: -5
[2015-12-08 01:12:20] EDIT cmps183/models/db.py: 0
[2015-12-08 01:14:06] EDIT cmps183/models/db.py: 13
[2015-12-08 01:14:57] EDIT cmps183/models/db.py: -13
[2015-12-08 01:16:04] EDIT cmps183/models/db.py: 2
[2015-12-08 01:17:54] EDIT cmps183/models/db.py: 3
[2015-12-08 01:20:48] EDIT cmps183/models/db.py: 0
[2015-12-08 01:22:34] EDIT cmps183/models/db.py: 0
[2015-12-08 01:22:39] EDIT cmps183/models/db.py: -1
[2015-12-08 01:23:40] EDIT cmps183/models/db.py: -7
[2015-12-08 01:24:50] EDIT cmps183/controllers/default.py: 0
[2015-12-08 01:25:20] EDIT cmps183/controllers/default.py: 0
[2015-12-08 01:25:41] EDIT cmps183/controllers/default.py: 1
[2015-12-08 01:28:36] EDIT cmps183/views/default/newprofile.html: -1
[2015-12-08 01:40:56] EDIT cmps183/views/default/newprofile.html: 0
[2015-12-08 01:41:17] EDIT cmps183/views/default/view.html: -1
[2015-12-08 01:41:41] EDIT cmps183/views/default/view.html: 0
[2015-12-08 01:41:57] EDIT cmps183/views/default/view.html: 0
[2015-12-08 01:42:08] EDIT cmps183/views/default/view.html: 0
[2015-12-08 01:42:21] EDIT cmps183/views/default/view.html: 0
[2015-12-08 01:42:27] EDIT cmps183/views/default/view.html: 0
[2015-12-08 01:42:51] EDIT cmps183/views/default/view.html: 0
[2015-12-08 01:43:12] EDIT cmps183/views/default/view.html: 0
[2015-12-09 13:28:54] EDIT cmps183/views/default/index.html: 6
[2015-12-09 13:29:22] EDIT cmps183/views/default/index.html: -6
[2015-12-09 13:34:20] EDIT cmps183/views/default/index.html: 16
[2015-12-09 13:34:38] EDIT cmps183/views/default/index.html: -16
[2015-12-09 13:36:27] EDIT cmps183/views/default/index.html: 0
[2015-12-09 13:38:12] EDIT cmps183/static/css/myapp.css: 3
[2015-12-09 13:39:16] EDIT cmps183/views/layout.html: -11
[2015-12-09 13:40:55] EDIT cmps183/static/css/myapp.css: 8
[2015-12-09 13:41:47] EDIT cmps183/views/default/index.html: 1
[2015-12-09 13:42:01] EDIT cmps183/views/default/index.html: 0
[2015-12-09 13:42:16] EDIT cmps183/views/default/index.html: 0
[2015-12-09 13:42:34] EDIT cmps183/views/default/index.html: 0
[2015-12-09 13:42:46] EDIT cmps183/static/css/myapp.css: 1
[2015-12-09 13:42:57] EDIT cmps183/static/css/myapp.css: 0
[2015-12-09 13:43:52] EDIT cmps183/static/css/myapp.css: 0
[2015-12-09 14:17:13] EDIT cmps183/views/default/index.html: 31
[2015-12-09 14:17:48] EDIT cmps183/views/default/index.html: -21
[2015-12-09 14:18:09] EDIT cmps183/views/default/index.html: -10
[2015-12-09 14:18:19] EDIT cmps183/views/default/index.html: 0
[2015-12-09 14:22:10] EDIT cmps183/views/default/index.html: 15
[2015-12-09 14:23:28] EDIT cmps183/views/default/index.html: 2
[2015-12-09 14:23:56] EDIT cmps183/static/css/myapp.css: 87
[2015-12-09 14:24:14] EDIT cmps183/views/default/index.html: 23
[2015-12-09 14:24:53] EDIT cmps183/static/css/myapp.css: -1
[2015-12-09 14:25:31] EDIT cmps183/views/default/index.html: -5
[2015-12-09 14:25:47] EDIT cmps183/views/default/index.html: 0
[2015-12-09 14:26:35] EDIT cmps183/views/default/index.html: -5
[2015-12-09 14:27:25] EDIT cmps183/views/default/index.html: 0
[2015-12-09 14:27:48] EDIT cmps183/views/default/index.html: -1
[2015-12-09 14:28:06] EDIT cmps183/views/default/index.html: -1
[2015-12-09 14:28:15] EDIT cmps183/views/default/index.html: 0
[2015-12-09 14:28:24] EDIT cmps183/views/default/index.html: 0
[2015-12-09 14:29:00] EDIT cmps183/static/css/myapp.css: 0
[2015-12-09 14:29:26] EDIT cmps183/static/css/myapp.css: 0
[2015-12-09 14:29:37] EDIT cmps183/static/css/myapp.css: 0
[2015-12-09 14:29:49] EDIT cmps183/static/css/myapp.css: 0
[2015-12-09 14:30:17] EDIT cmps183/static/css/myapp.css: 0
[2015-12-09 14:30:36] EDIT cmps183/static/css/myapp.css: -1
[2015-12-09 14:30:46] EDIT cmps183/static/css/myapp.css: 1
[2015-12-09 14:31:03] EDIT cmps183/static/css/myapp.css: 0
[2015-12-09 14:31:16] EDIT cmps183/static/css/myapp.css: -1
[2015-12-09 14:32:51] EDIT cmps183/static/css/myapp.css: 0
[2015-12-09 14:32:59] EDIT cmps183/static/css/myapp.css: 0
[2015-12-09 14:34:12] EDIT cmps183/static/css/myapp.css: 0
[2015-12-09 14:40:35] EDIT cmps183/models/tables.py: 0
[2015-12-09 14:41:36] EDIT cmps183/controllers/default.py: 0
[2015-12-09 14:41:43] EDIT cmps183/controllers/default.py: 0
[2015-12-09 14:47:45] EDIT cmps183/views/default/review.html: 2
[2015-12-09 14:49:24] EDIT cmps183/views/default/review.html: 33
[2015-12-09 14:50:31] EDIT cmps183/static/css/myapp.css: 0
[2015-12-09 14:50:42] EDIT cmps183/static/css/myapp.css: 0
[2015-12-09 14:50:56] EDIT cmps183/static/css/myapp.css: 0
[2015-12-09 14:51:17] EDIT cmps183/views/default/review.html: -33
[2015-12-09 14:51:55] EDIT cmps183/views/default/review.html: 0
[2015-12-09 14:55:22] EDIT cmps183/views/default/board.html: 0
[2015-12-09 14:56:33] EDIT cmps183/views/default/blah.html: 0
[2015-12-09 14:57:51] EDIT cmps183/views/default/blah.html: 0
